# JRE version: Java(TM) SE Runtime Environment 18.9 (11.0.15+8) (build 11.0.15+8-LTS-149)
# Java VM: Java HotSpot(TM) 64-Bit Server VM 18.9 (11.0.15+8-LTS-149, mixed mode, tiered, compressed oops, g1 gc, windows-amd64)
Heap:
 garbage-first heap   total 260096K, used 179982K [0x0000000080000000, 0x0000000100000000)
  region size 1024K, 20 young (20480K), 7 survivors (7168K)
 Metaspace       used 135455K, capacity 139806K, committed 139964K, reserved 638976K
  class space    used 17531K, capacity 19127K, committed 19200K, reserved 516096K
GC Heap History (10 events):
Event: 23.778 GC heap before
{Heap before GC invocations=28 (full 0):
 garbage-first heap   total 260096K, used 208009K [0x0000000080000000, 0x0000000100000000)
  region size 1024K, 60 young (61440K), 8 survivors (8192K)
 Metaspace       used 128645K, capacity 132815K, committed 133052K, reserved 632832K
  class space    used 16604K, capacity 18137K, committed 18176K, reserved 516096K
}
Event: 23.784 GC heap after
{Heap after GC invocations=29 (full 0):
 garbage-first heap   total 260096K, used 156307K [0x0000000080000000, 0x0000000100000000)
  region size 1024K, 5 young (5120K), 5 survivors (5120K)
 Metaspace       used 128645K, capacity 132815K, committed 133052K, reserved 632832K
  class space    used 16604K, capacity 18137K, committed 18176K, reserved 516096K
}
Event: 25.994 GC heap before
{Heap before GC invocations=30 (full 0):
 garbage-first heap   total 260096K, used 165523K [0x0000000080000000, 0x0000000100000000)
  region size 1024K, 17 young (17408K), 5 survivors (5120K)
 Metaspace       used 129134K, capacity 133326K, committed 133436K, reserved 632832K
  class space    used 16672K, capacity 18222K, committed 18304K, reserved 516096K
}
Event: 25.998 GC heap after
{Heap after GC invocations=31 (full 0):
 garbage-first heap   total 260096K, used 155787K [0x0000000080000000, 0x0000000100000000)
  region size 1024K, 5 young (5120K), 5 survivors (5120K)
 Metaspace       used 129134K, capacity 133326K, committed 133436K, reserved 632832K
  class space    used 16672K, capacity 18222K, committed 18304K, reserved 516096K
}
Event: 26.459 GC heap before
{Heap before GC invocations=32 (full 0):
 garbage-first heap   total 260096K, used 213131K [0x0000000080000000, 0x0000000100000000)
  region size 1024K, 60 young (61440K), 5 survivors (5120K)
 Metaspace       used 130039K, capacity 134139K, committed 134204K, reserved 632832K
  class space    used 16776K, capacity 18297K, committed 18304K, reserved 516096K
}
Event: 26.464 GC heap after
{Heap after GC invocations=33 (full 0):
 garbage-first heap   total 260096K, used 163657K [0x0000000080000000, 0x0000000100000000)
  region size 1024K, 7 young (7168K), 7 survivors (7168K)
 Metaspace       used 130039K, capacity 134139K, committed 134204K, reserved 632832K
  class space    used 16776K, capacity 18297K, committed 18304K, reserved 516096K
}
Event: 26.585 GC heap before
{Heap before GC invocations=33 (full 0):
 garbage-first heap   total 260096K, used 195401K [0x0000000080000000, 0x0000000100000000)
  region size 1024K, 40 young (40960K), 7 survivors (7168K)
 Metaspace       used 130833K, capacity 135066K, committed 135100K, reserved 634880K
  class space    used 16878K, capacity 18423K, committed 18432K, reserved 516096K
}
Event: 26.589 GC heap after
{Heap after GC invocations=34 (full 0):
 garbage-first heap   total 260096K, used 159591K [0x0000000080000000, 0x0000000100000000)
  region size 1024K, 2 young (2048K), 2 survivors (2048K)
 Metaspace       used 130833K, capacity 135066K, committed 135100K, reserved 634880K
  class space    used 16878K, capacity 18423K, committed 18432K, reserved 516096K
}
Event: 27.747 GC heap before
{Heap before GC invocations=35 (full 0):
 garbage-first heap   total 260096K, used 217959K [0x0000000080000000, 0x0000000100000000)
  region size 1024K, 56 young (57344K), 2 survivors (2048K)
 Metaspace       used 134904K, capacity 139217K, committed 139324K, reserved 636928K
  class space    used 17455K, capacity 19055K, committed 19072K, reserved 516096K
}
Event: 27.751 GC heap after
{Heap after GC invocations=36 (full 0):
 garbage-first heap   total 260096K, used 167694K [0x0000000080000000, 0x0000000100000000)
  region size 1024K, 7 young (7168K), 7 survivors (7168K)
 Metaspace       used 134904K, capacity 139217K, committed 139324K, reserved 636928K
  class space    used 17455K, capacity 19055K, committed 19072K, reserved 516096K
}

