# JRE version: Java(TM) SE Runtime Environment 18.9 (11.0.15+8) (build 11.0.15+8-LTS-149)
# Java VM: Java HotSpot(TM) 64-Bit Server VM 18.9 (11.0.15+8-LTS-149, mixed mode, tiered, compressed oops, g1 gc, windows-amd64)
Heap:
 garbage-first heap   total 624640K, used 247290K [0x0000000080000000, 0x0000000100000000)
  region size 1024K, 2 young (2048K), 2 survivors (2048K)
 Metaspace       used 194766K, capacity 200915K, committed 201672K, reserved 690176K
  class space    used 25080K, capacity 27424K, committed 27776K, reserved 516096K
GC Heap History (10 events):
Event: 3481.420 GC heap after
{Heap after GC invocations=84 (full 0):
 garbage-first heap   total 260096K, used 228239K [0x0000000080000000, 0x0000000100000000)
  region size 1024K, 2 young (2048K), 2 survivors (2048K)
 Metaspace       used 194688K, capacity 200926K, committed 201416K, reserved 690176K
  class space    used 25125K, capacity 27503K, committed 27776K, reserved 516096K
}
Event: 3481.430 GC heap before
{Heap before GC invocations=84 (full 0):
 garbage-first heap   total 260096K, used 238479K [0x0000000080000000, 0x0000000100000000)
  region size 1024K, 12 young (12288K), 2 survivors (2048K)
 Metaspace       used 194695K, capacity 200926K, committed 201416K, reserved 690176K
  class space    used 25125K, capacity 27503K, committed 27776K, reserved 516096K
}
Event: 3481.435 GC heap after
{Heap after GC invocations=85 (full 0):
 garbage-first heap   total 312320K, used 231809K [0x0000000080000000, 0x0000000100000000)
  region size 1024K, 2 young (2048K), 2 survivors (2048K)
 Metaspace       used 194695K, capacity 200926K, committed 201416K, reserved 690176K
  class space    used 25125K, capacity 27503K, committed 27776K, reserved 516096K
}
Event: 3481.478 GC heap before
{Heap before GC invocations=85 (full 0):
 garbage-first heap   total 312320K, used 252289K [0x0000000080000000, 0x0000000100000000)
  region size 1024K, 26 young (26624K), 2 survivors (2048K)
 Metaspace       used 194596K, capacity 200713K, committed 201416K, reserved 690176K
  class space    used 25079K, capacity 27424K, committed 27776K, reserved 516096K
}
Event: 3481.483 GC heap after
{Heap after GC invocations=86 (full 0):
 garbage-first heap   total 312320K, used 235520K [0x0000000080000000, 0x0000000100000000)
  region size 1024K, 4 young (4096K), 4 survivors (4096K)
 Metaspace       used 194596K, capacity 200713K, committed 201416K, reserved 690176K
  class space    used 25079K, capacity 27424K, committed 27776K, reserved 516096K
}
Event: 3481.509 GC heap before
{Heap before GC invocations=86 (full 0):
 garbage-first heap   total 312320K, used 259072K [0x0000000080000000, 0x0000000100000000)
  region size 1024K, 27 young (27648K), 4 survivors (4096K)
 Metaspace       used 194652K, capacity 200782K, committed 201672K, reserved 690176K
  class space    used 25080K, capacity 27424K, committed 27776K, reserved 516096K
}
Event: 3481.515 GC heap after
{Heap after GC invocations=87 (full 0):
 garbage-first heap   total 312320K, used 240824K [0x0000000080000000, 0x0000000100000000)
  region size 1024K, 4 young (4096K), 4 survivors (4096K)
 Metaspace       used 194652K, capacity 200782K, committed 201672K, reserved 690176K
  class space    used 25080K, capacity 27424K, committed 27776K, reserved 516096K
}
Event: 3481.540 GC heap before
{Heap before GC invocations=87 (full 0):
 garbage-first heap   total 312320K, used 261304K [0x0000000080000000, 0x0000000100000000)
  region size 1024K, 25 young (25600K), 4 survivors (4096K)
 Metaspace       used 194715K, capacity 200848K, committed 201672K, reserved 690176K
  class space    used 25080K, capacity 27424K, committed 27776K, reserved 516096K
}
Event: 3481.545 GC heap after
{Heap after GC invocations=88 (full 0):
 garbage-first heap   total 312320K, used 245658K [0x0000000080000000, 0x0000000100000000)
  region size 1024K, 4 young (4096K), 4 survivors (4096K)
 Metaspace       used 194715K, capacity 200848K, committed 201672K, reserved 690176K
  class space    used 25080K, capacity 27424K, committed 27776K, reserved 516096K
}
Event: 3481.578 GC heap before
{Heap before GC invocations=89 (full 0):
 garbage-first heap   total 312320K, used 264090K [0x0000000080000000, 0x0000000100000000)
  region size 1024K, 23 young (23552K), 4 survivors (4096K)
 Metaspace       used 194766K, capacity 200915K, committed 201672K, reserved 690176K
  class space    used 25080K, capacity 27424K, committed 27776K, reserved 516096K
}

